<?xml version="1.0" encoding="UTF-8"?>
<testng-results ignored="0" total="4" passed="3" failed="1" skipped="0">
  <reporter-output>
  </reporter-output>
  <suite started-at="2023-08-09T17:26:35 EDT" name="Suite" finished-at="2023-08-09T17:26:58 EDT" duration-ms="23569">
    <groups>
      <group name="Smoke">
        <method signature="Radiobtn_Test.radio_button()[pri:0, instance:ca.codenbox.Final_E2E_Maven.Radiobtn_Test@5ba3f27a]" name="radio_button" class="ca.codenbox.Final_E2E_Maven.Radiobtn_Test"/>
      </group> <!-- Smoke -->
    </groups>
    <test started-at="2023-08-09T17:26:35 EDT" name="Test" finished-at="2023-08-09T17:26:58 EDT" duration-ms="23569">
      <class name="ca.codenbox.Final_E2E_Maven.DropDownTest">
        <test-method is-config="true" signature="initialization_driver()[pri:0, instance:ca.codenbox.Final_E2E_Maven.DropDownTest@76c3e77a]" started-at="2023-08-09T17:26:35 EDT" name="initialization_driver" finished-at="2023-08-09T17:26:42 EDT" duration-ms="6814" status="PASS">
          <reporter-output>
          </reporter-output>
        </test-method> <!-- initialization_driver -->
        <test-method signature="dropdowntest()[pri:0, instance:ca.codenbox.Final_E2E_Maven.DropDownTest@76c3e77a]" started-at="2023-08-09T17:26:42 EDT" name="dropdowntest" finished-at="2023-08-09T17:26:43 EDT" duration-ms="1023" status="PASS">
          <reporter-output>
          </reporter-output>
        </test-method> <!-- dropdowntest -->
        <test-method is-config="true" signature="tear_down()[pri:0, instance:ca.codenbox.Final_E2E_Maven.DropDownTest@76c3e77a]" started-at="2023-08-09T17:26:43 EDT" name="tear_down" finished-at="2023-08-09T17:26:43 EDT" duration-ms="318" status="PASS">
          <reporter-output>
          </reporter-output>
        </test-method> <!-- tear_down -->
      </class> <!-- ca.codenbox.Final_E2E_Maven.DropDownTest -->
      <class name="ca.codenbox.Final_E2E_Maven.Radiobtn_Test">
        <test-method is-config="true" signature="initialization_driver()[pri:0, instance:ca.codenbox.Final_E2E_Maven.Radiobtn_Test@5ba3f27a]" started-at="2023-08-09T17:26:43 EDT" name="initialization_driver" finished-at="2023-08-09T17:26:47 EDT" duration-ms="4186" status="PASS">
          <reporter-output>
          </reporter-output>
        </test-method> <!-- initialization_driver -->
        <test-method signature="radio_button()[pri:0, instance:ca.codenbox.Final_E2E_Maven.Radiobtn_Test@5ba3f27a]" started-at="2023-08-09T17:26:47 EDT" name="radio_button" finished-at="2023-08-09T17:26:47 EDT" duration-ms="105" status="PASS">
          <reporter-output>
          </reporter-output>
        </test-method> <!-- radio_button -->
        <test-method is-config="true" signature="tear_down()[pri:0, instance:ca.codenbox.Final_E2E_Maven.Radiobtn_Test@5ba3f27a]" started-at="2023-08-09T17:26:47 EDT" name="tear_down" finished-at="2023-08-09T17:26:48 EDT" duration-ms="309" status="PASS">
          <reporter-output>
          </reporter-output>
        </test-method> <!-- tear_down -->
        <test-method is-config="true" signature="initialization_driver()[pri:0, instance:ca.codenbox.Final_E2E_Maven.Radiobtn_Test@5ba3f27a]" started-at="2023-08-09T17:26:48 EDT" name="initialization_driver" finished-at="2023-08-09T17:26:52 EDT" duration-ms="4568" status="PASS">
          <reporter-output>
          </reporter-output>
        </test-method> <!-- initialization_driver -->
        <test-method signature="verifyTitle()[pri:0, instance:ca.codenbox.Final_E2E_Maven.Radiobtn_Test@5ba3f27a]" started-at="2023-08-09T17:26:52 EDT" name="verifyTitle" finished-at="2023-08-09T17:26:52 EDT" duration-ms="10" status="PASS">
          <reporter-output>
          </reporter-output>
        </test-method> <!-- verifyTitle -->
        <test-method is-config="true" signature="tear_down()[pri:0, instance:ca.codenbox.Final_E2E_Maven.Radiobtn_Test@5ba3f27a]" started-at="2023-08-09T17:26:52 EDT" name="tear_down" finished-at="2023-08-09T17:26:53 EDT" duration-ms="368" status="PASS">
          <reporter-output>
          </reporter-output>
        </test-method> <!-- tear_down -->
        <test-method is-config="true" signature="initialization_driver()[pri:0, instance:ca.codenbox.Final_E2E_Maven.Radiobtn_Test@5ba3f27a]" started-at="2023-08-09T17:26:53 EDT" name="initialization_driver" finished-at="2023-08-09T17:26:57 EDT" duration-ms="4202" status="PASS">
          <reporter-output>
          </reporter-output>
        </test-method> <!-- initialization_driver -->
        <test-method signature="checkBoxTest()[pri:1, instance:ca.codenbox.Final_E2E_Maven.Radiobtn_Test@5ba3f27a]" started-at="2023-08-09T17:26:57 EDT" name="checkBoxTest" finished-at="2023-08-09T17:26:58 EDT" duration-ms="1318" status="FAIL">
          <exception class="org.openqa.selenium.ElementClickInterceptedException">
            <message>
              <![CDATA[element click intercepted: Element <input id="checkBoxOption3" value="option3" name="checkBoxOption3" type="checkbox"> is not clickable at point (307, 688). Other element would receive the click: <iframe id="aswift_1" name="aswift_1" style="width: 1005px !important; height: 124px !important; display: block; margin: 0px auto;" sandbox="allow-forms allow-popups allow-popups-to-escape-sandbox allow-same-origin allow-scripts allow-top-navigation-by-user-activation" width="1005" height="124" frameborder="0" marginwidth="0" marginheight="0" vspace="0" hspace="0" allowtransparency="true" scrolling="no" src="https://googleads.g.doubleclick.net/pagead/html/r20230808/r20110914/zrt_lookup.html?fsb=1#RS-1-&amp;adk=1812271801&amp;client=ca-pub-1974398531910611&amp;fa=1&amp;ifi=2&amp;uci=a!2&amp;btvi=1&amp;xpc=a2UbYyvqcu&amp;p=https%3A//codenboxautomationlab.com" data-google-container-id="a!2" data-google-query-id="CKTQg9XB0IADFaGgAAAdyKYOeQ" data-load-complete="true"></iframe>
  (Session info: chrome=115.0.5790.171)
Build info: version: '4.9.0', revision: 'd7057100a6'
System info: os.name: 'Windows 11', os.arch: 'amd64', os.version: '10.0', java.version: '17.0.6'
Driver info: org.openqa.selenium.chrome.ChromeDriver
Command: [65c0114fbb01a394e0d768c3e1c3b5c2, clickElement {id=E3C3363A4815B543AC5BE09CFCAA4AAE_element_43}]
Capabilities {acceptInsecureCerts: false, browserName: chrome, browserVersion: 115.0.5790.171, chrome: {chromedriverVersion: 114.0.5735.90 (386bc09e8f4f..., userDataDir: C:\Users\ayesh\AppData\Loca...}, goog:chromeOptions: {debuggerAddress: localhost:55049}, networkConnectionEnabled: false, pageLoadStrategy: normal, platformName: WINDOWS, proxy: Proxy(), se:cdp: ws://localhost:55049/devtoo..., se:cdpVersion: 115.0.5790.171, setWindowRect: true, strictFileInteractability: false, timeouts: {implicit: 0, pageLoad: 300000, script: 30000}, unhandledPromptBehavior: dismiss and notify, webauthn:extension:credBlob: true, webauthn:extension:largeBlob: true, webauthn:extension:minPinLength: true, webauthn:extension:prf: true, webauthn:virtualAuthenticators: true}
Element: [[ChromeDriver: chrome on WINDOWS (65c0114fbb01a394e0d768c3e1c3b5c2)] -> id: checkBoxOption3]
Session ID: 65c0114fbb01a394e0d768c3e1c3b5c2]]>
            </message>
            <full-stacktrace>
              <![CDATA[org.openqa.selenium.ElementClickInterceptedException: element click intercepted: Element <input id="checkBoxOption3" value="option3" name="checkBoxOption3" type="checkbox"> is not clickable at point (307, 688). Other element would receive the click: <iframe id="aswift_1" name="aswift_1" style="width: 1005px !important; height: 124px !important; display: block; margin: 0px auto;" sandbox="allow-forms allow-popups allow-popups-to-escape-sandbox allow-same-origin allow-scripts allow-top-navigation-by-user-activation" width="1005" height="124" frameborder="0" marginwidth="0" marginheight="0" vspace="0" hspace="0" allowtransparency="true" scrolling="no" src="https://googleads.g.doubleclick.net/pagead/html/r20230808/r20110914/zrt_lookup.html?fsb=1#RS-1-&amp;adk=1812271801&amp;client=ca-pub-1974398531910611&amp;fa=1&amp;ifi=2&amp;uci=a!2&amp;btvi=1&amp;xpc=a2UbYyvqcu&amp;p=https%3A//codenboxautomationlab.com" data-google-container-id="a!2" data-google-query-id="CKTQg9XB0IADFaGgAAAdyKYOeQ" data-load-complete="true"></iframe>
  (Session info: chrome=115.0.5790.171)
Build info: version: '4.9.0', revision: 'd7057100a6'
System info: os.name: 'Windows 11', os.arch: 'amd64', os.version: '10.0', java.version: '17.0.6'
Driver info: org.openqa.selenium.chrome.ChromeDriver
Command: [65c0114fbb01a394e0d768c3e1c3b5c2, clickElement {id=E3C3363A4815B543AC5BE09CFCAA4AAE_element_43}]
Capabilities {acceptInsecureCerts: false, browserName: chrome, browserVersion: 115.0.5790.171, chrome: {chromedriverVersion: 114.0.5735.90 (386bc09e8f4f..., userDataDir: C:\Users\ayesh\AppData\Loca...}, goog:chromeOptions: {debuggerAddress: localhost:55049}, networkConnectionEnabled: false, pageLoadStrategy: normal, platformName: WINDOWS, proxy: Proxy(), se:cdp: ws://localhost:55049/devtoo..., se:cdpVersion: 115.0.5790.171, setWindowRect: true, strictFileInteractability: false, timeouts: {implicit: 0, pageLoad: 300000, script: 30000}, unhandledPromptBehavior: dismiss and notify, webauthn:extension:credBlob: true, webauthn:extension:largeBlob: true, webauthn:extension:minPinLength: true, webauthn:extension:prf: true, webauthn:virtualAuthenticators: true}
Element: [[ChromeDriver: chrome on WINDOWS (65c0114fbb01a394e0d768c3e1c3b5c2)] -> id: checkBoxOption3]
Session ID: 65c0114fbb01a394e0d768c3e1c3b5c2
at java.base/jdk.internal.reflect.NativeConstructorAccessorImpl.newInstance0(Native Method)
at java.base/jdk.internal.reflect.NativeConstructorAccessorImpl.newInstance(NativeConstructorAccessorImpl.java:77)
at java.base/jdk.internal.reflect.DelegatingConstructorAccessorImpl.newInstance(DelegatingConstructorAccessorImpl.java:45)
at java.base/java.lang.reflect.Constructor.newInstanceWithCaller(Constructor.java:499)
at java.base/java.lang.reflect.Constructor.newInstance(Constructor.java:480)
at org.openqa.selenium.remote.codec.w3c.W3CHttpResponseCodec.createException(W3CHttpResponseCodec.java:200)
at org.openqa.selenium.remote.codec.w3c.W3CHttpResponseCodec.decode(W3CHttpResponseCodec.java:133)
at org.openqa.selenium.remote.codec.w3c.W3CHttpResponseCodec.decode(W3CHttpResponseCodec.java:53)
at org.openqa.selenium.remote.HttpCommandExecutor.execute(HttpCommandExecutor.java:193)
at org.openqa.selenium.remote.service.DriverCommandExecutor.invokeExecute(DriverCommandExecutor.java:183)
at org.openqa.selenium.remote.service.DriverCommandExecutor.execute(DriverCommandExecutor.java:158)
at org.openqa.selenium.remote.RemoteWebDriver.execute(RemoteWebDriver.java:543)
at org.openqa.selenium.remote.RemoteWebElement.execute(RemoteWebElement.java:257)
at org.openqa.selenium.remote.RemoteWebElement.click(RemoteWebElement.java:78)
at ca.codenbox.Final_E2E_Maven.Radiobtn_Test.checkBoxTest(Radiobtn_Test.java:35)
at java.base/jdk.internal.reflect.NativeMethodAccessorImpl.invoke0(Native Method)
at java.base/jdk.internal.reflect.NativeMethodAccessorImpl.invoke(NativeMethodAccessorImpl.java:77)
at java.base/jdk.internal.reflect.DelegatingMethodAccessorImpl.invoke(DelegatingMethodAccessorImpl.java:43)
at java.base/java.lang.reflect.Method.invoke(Method.java:568)
at org.testng.internal.MethodInvocationHelper.invokeMethod(MethodInvocationHelper.java:133)
at org.testng.internal.TestInvoker.invokeMethod(TestInvoker.java:598)
at org.testng.internal.TestInvoker.invokeTestMethod(TestInvoker.java:173)
at org.testng.internal.MethodRunner.runInSequence(MethodRunner.java:46)
at org.testng.internal.TestInvoker$MethodInvocationAgent.invoke(TestInvoker.java:824)
at org.testng.internal.TestInvoker.invokeTestMethods(TestInvoker.java:146)
at org.testng.internal.TestMethodWorker.invokeTestMethods(TestMethodWorker.java:146)
at org.testng.internal.TestMethodWorker.run(TestMethodWorker.java:128)
at java.base/java.util.ArrayList.forEach(ArrayList.java:1511)
at org.testng.TestRunner.privateRun(TestRunner.java:794)
at org.testng.TestRunner.run(TestRunner.java:596)
at org.testng.SuiteRunner.runTest(SuiteRunner.java:377)
at org.testng.SuiteRunner.runSequentially(SuiteRunner.java:371)
at org.testng.SuiteRunner.privateRun(SuiteRunner.java:332)
at org.testng.SuiteRunner.run(SuiteRunner.java:276)
at org.testng.SuiteRunnerWorker.runSuite(SuiteRunnerWorker.java:53)
at org.testng.SuiteRunnerWorker.run(SuiteRunnerWorker.java:96)
at org.testng.TestNG.runSuitesSequentially(TestNG.java:1212)
at org.testng.TestNG.runSuitesLocally(TestNG.java:1134)
at org.testng.TestNG.runSuites(TestNG.java:1063)
at org.testng.TestNG.run(TestNG.java:1031)
at org.testng.remote.AbstractRemoteTestNG.run(AbstractRemoteTestNG.java:115)
at org.testng.remote.RemoteTestNG.initAndRun(RemoteTestNG.java:251)
at org.testng.remote.RemoteTestNG.main(RemoteTestNG.java:77)
]]>
            </full-stacktrace>
          </exception> <!-- org.openqa.selenium.ElementClickInterceptedException -->
          <reporter-output>
          </reporter-output>
        </test-method> <!-- checkBoxTest -->
        <test-method is-config="true" signature="tear_down()[pri:0, instance:ca.codenbox.Final_E2E_Maven.Radiobtn_Test@5ba3f27a]" started-at="2023-08-09T17:26:58 EDT" name="tear_down" finished-at="2023-08-09T17:26:58 EDT" duration-ms="314" status="PASS">
          <reporter-output>
          </reporter-output>
        </test-method> <!-- tear_down -->
      </class> <!-- ca.codenbox.Final_E2E_Maven.Radiobtn_Test -->
    </test> <!-- Test -->
  </suite> <!-- Suite -->
</testng-results>
